This file contains any messages produced by compilers while
running configure, to aid debugging if configure makes a mistake.

It was created by nano-threads-library configure 4.1.4, which was
generated by GNU Autoconf 2.64.  Invocation command line was

  $ ./configure --prefix=/home/sho/software/mercurium CC=gcc -O3 -m32 CXX=g++ -O3 -m32 --no-create --no-recursion

## --------- ##
## Platform. ##
## --------- ##

hostname = sho-T400s
uname -m = i686
uname -r = 2.6.38-8-generic-pae
uname -s = Linux
uname -v = #42-Ubuntu SMP Mon Apr 11 05:17:09 UTC 2011

/usr/bin/uname -p = unknown
/bin/uname -X     = unknown

/bin/arch              = unknown
/usr/bin/arch -k       = unknown
/usr/convex/getsysinfo = unknown
/usr/bin/hostinfo      = unknown
/bin/machine           = unknown
/usr/bin/oslevel       = unknown
/bin/universe          = unknown

PATH: /home/sho/bin
PATH: /usr/local/sbin
PATH: /usr/local/bin
PATH: /usr/sbin
PATH: /usr/bin
PATH: /sbin
PATH: /bin
PATH: /usr/games


## ----------- ##
## Core tests. ##
## ----------- ##

configure:2374: checking build system type
configure:2388: result: i686-pc-linux-gnu
configure:2408: checking host system type
configure:2421: result: i686-pc-linux-gnu
configure:2441: checking target system type
configure:2454: result: i686-pc-linux-gnu
configure:2497: checking for a BSD-compatible install
configure:2565: result: /usr/bin/install -c
configure:2576: checking whether build environment is sane
configure:2626: result: yes
configure:2767: checking for a thread-safe mkdir -p
configure:2806: result: /bin/mkdir -p
configure:2819: checking for gawk
configure:2849: result: no
configure:2819: checking for mawk
configure:2835: found /usr/bin/mawk
configure:2846: result: mawk
configure:2857: checking whether make sets $(MAKE)
configure:2879: result: yes
configure:3013: checking for gcc
configure:3040: result: gcc -O3 -m32
configure:3269: checking for C compiler version
configure:3278: gcc -O3 -m32 --version >&5
gcc (GCC) 4.7.0 20110331 (experimental)
Copyright (C) 2011 Free Software Foundation, Inc.
This is free software; see the source for copying conditions.  There is NO
warranty; not even for MERCHANTABILITY or FITNESS FOR A PARTICULAR PURPOSE.

configure:3289: $? = 0
configure:3278: gcc -O3 -m32 -v >&5
Using built-in specs.
COLLECT_GCC=gcc
COLLECT_LTO_WRAPPER=/home/sho/software/gcc/libexec/gcc/i686-pc-linux-gnu/4.7.0/lto-wrapper
Target: i686-pc-linux-gnu
Configured with: ./configure --prefix=/home/sho/software/gcc
Thread model: posix
gcc version 4.7.0 20110331 (experimental) (GCC) 
configure:3289: $? = 0
configure:3278: gcc -O3 -m32 -V >&5
gcc: error: unrecognized command line option '-V'
gcc: fatal error: no input files
compilation terminated.
configure:3289: $? = 1
configure:3278: gcc -O3 -m32 -qversion >&5
gcc: error: unrecognized command line option '-qversion'
gcc: fatal error: no input files
compilation terminated.
configure:3289: $? = 1
configure:3311: checking for C compiler default output file name
configure:3333: gcc -O3 -m32    conftest.c  >&5
configure:3337: $? = 0
configure:3374: result: a.out
configure:3390: checking whether the C compiler works
configure:3399: ./a.out
configure:3403: $? = 0
configure:3418: result: yes
configure:3425: checking whether we are cross compiling
configure:3427: result: no
configure:3430: checking for suffix of executables
configure:3437: gcc -O3 -m32 -o conftest    conftest.c  >&5
configure:3441: $? = 0
configure:3463: result: 
configure:3469: checking for suffix of object files
configure:3491: gcc -O3 -m32 -c   conftest.c >&5
configure:3495: $? = 0
configure:3516: result: o
configure:3520: checking whether we are using the GNU C compiler
configure:3539: gcc -O3 -m32 -c   conftest.c >&5
configure:3539: $? = 0
configure:3548: result: yes
configure:3557: checking whether gcc -O3 -m32 accepts -g
configure:3577: gcc -O3 -m32 -c -g  conftest.c >&5
configure:3577: $? = 0
configure:3618: result: yes
configure:3635: checking for gcc -O3 -m32 option to accept ISO C89
configure:3699: gcc -O3 -m32  -c -g -O2  conftest.c >&5
configure:3699: $? = 0
configure:3712: result: none needed
configure:3743: checking for style of include used by make
configure:3771: result: GNU
configure:3796: checking dependency style of gcc -O3 -m32
configure:3906: result: gcc3
configure:3926: checking how to run the C preprocessor
configure:3957: gcc -O3 -m32 -E  conftest.c
configure:3957: $? = 0
configure:3971: gcc -O3 -m32 -E  conftest.c
conftest.c:11:28: fatal error: ac_nonexistent.h: No such file or directory
compilation terminated.
configure:3971: $? = 1
configure: failed program was:
| /* confdefs.h */
| #define PACKAGE_NAME "nano-threads-library"
| #define PACKAGE_TARNAME "nano-threads-library"
| #define PACKAGE_VERSION "4.1.4"
| #define PACKAGE_STRING "nano-threads-library 4.1.4"
| #define PACKAGE_BUGREPORT "mercurium@bsc.es"
| #define PACKAGE_URL ""
| #define PACKAGE "nano-threads-library"
| #define VERSION "4.1.4"
| /* end confdefs.h.  */
| #include <ac_nonexistent.h>
configure:3996: result: gcc -O3 -m32 -E
configure:4016: gcc -O3 -m32 -E  conftest.c
configure:4016: $? = 0
configure:4030: gcc -O3 -m32 -E  conftest.c
conftest.c:11:28: fatal error: ac_nonexistent.h: No such file or directory
compilation terminated.
configure:4030: $? = 1
configure: failed program was:
| /* confdefs.h */
| #define PACKAGE_NAME "nano-threads-library"
| #define PACKAGE_TARNAME "nano-threads-library"
| #define PACKAGE_VERSION "4.1.4"
| #define PACKAGE_STRING "nano-threads-library 4.1.4"
| #define PACKAGE_BUGREPORT "mercurium@bsc.es"
| #define PACKAGE_URL ""
| #define PACKAGE "nano-threads-library"
| #define VERSION "4.1.4"
| /* end confdefs.h.  */
| #include <ac_nonexistent.h>
configure:4067: checking dependency style of gcc -O3 -m32
configure:4175: result: gcc3
configure:4215: checking for a sed that does not truncate output
configure:4279: result: /bin/sed
configure:4297: checking for grep that handles long lines and -e
configure:4355: result: /bin/grep
configure:4360: checking for egrep
configure:4422: result: /bin/grep -E
configure:4427: checking for fgrep
configure:4489: result: /bin/grep -F
configure:4524: checking for ld used by gcc -O3 -m32
configure:4591: result: /usr/bin/ld
configure:4598: checking if the linker (/usr/bin/ld) is GNU ld
configure:4613: result: yes
configure:4625: checking for BSD- or MS-compatible name lister (nm)
configure:4674: result: /usr/bin/nm -B
configure:4792: checking the name lister (/usr/bin/nm -B) interface
configure:4799: gcc -O3 -m32 -c -g -O2  conftest.c >&5
configure:4802: /usr/bin/nm -B "conftest.o"
configure:4805: output
00000000 B some_variable
configure:4812: result: BSD nm
configure:4815: checking whether ln -s works
configure:4819: result: yes
configure:4827: checking the maximum length of command line arguments
configure:4947: result: 805306365
configure:4964: checking whether the shell understands some XSI constructs
configure:4974: result: yes
configure:4978: checking whether the shell understands "+="
configure:4984: result: yes
configure:5019: checking for /usr/bin/ld option to reload object files
configure:5026: result: -r
configure:5095: checking for objdump
configure:5111: found /usr/bin/objdump
configure:5122: result: objdump
configure:5154: checking how to recognize dependent libraries
configure:5350: result: pass_all
configure:5410: checking for ar
configure:5426: found /usr/bin/ar
configure:5437: result: ar
configure:5515: checking for strip
configure:5531: found /usr/bin/strip
configure:5542: result: strip
configure:5614: checking for ranlib
configure:5630: found /usr/bin/ranlib
configure:5641: result: ranlib
configure:5731: checking command to parse /usr/bin/nm -B output from gcc -O3 -m32 object
configure:5849: gcc -O3 -m32 -c -g -O2  conftest.c >&5
configure:5852: $? = 0
configure:5856: /usr/bin/nm -B conftest.o \| sed -n -e 's/^.*[	 ]\([ABCDGIRSTW][ABCDGIRSTW]*\)[	 ][	 ]*\([_A-Za-z][_A-Za-z0-9]*\)$/\1 \2 \2/p' \> conftest.nm
configure:5859: $? = 0
configure:5913: gcc -O3 -m32 -o conftest -g -O2   conftest.c conftstm.o >&5
configure:5916: $? = 0
configure:5954: result: ok
configure:6759: checking for ANSI C header files
configure:6779: gcc -O3 -m32 -c -g -O2  conftest.c >&5
configure:6779: $? = 0
configure:6852: gcc -O3 -m32 -o conftest -g -O2   conftest.c  >&5
configure:6852: $? = 0
configure:6852: ./conftest
configure:6852: $? = 0
configure:6863: result: yes
configure:6876: checking for sys/types.h
configure:6876: gcc -O3 -m32 -c -g -O2  conftest.c >&5
configure:6876: $? = 0
configure:6876: result: yes
configure:6876: checking for sys/stat.h
configure:6876: gcc -O3 -m32 -c -g -O2  conftest.c >&5
configure:6876: $? = 0
configure:6876: result: yes
configure:6876: checking for stdlib.h
configure:6876: gcc -O3 -m32 -c -g -O2  conftest.c >&5
configure:6876: $? = 0
configure:6876: result: yes
configure:6876: checking for string.h
configure:6876: gcc -O3 -m32 -c -g -O2  conftest.c >&5
configure:6876: $? = 0
configure:6876: result: yes
configure:6876: checking for memory.h
configure:6876: gcc -O3 -m32 -c -g -O2  conftest.c >&5
configure:6876: $? = 0
configure:6876: result: yes
configure:6876: checking for strings.h
configure:6876: gcc -O3 -m32 -c -g -O2  conftest.c >&5
configure:6876: $? = 0
configure:6876: result: yes
configure:6876: checking for inttypes.h
configure:6876: gcc -O3 -m32 -c -g -O2  conftest.c >&5
configure:6876: $? = 0
configure:6876: result: yes
configure:6876: checking for stdint.h
configure:6876: gcc -O3 -m32 -c -g -O2  conftest.c >&5
configure:6876: $? = 0
configure:6876: result: yes
configure:6876: checking for unistd.h
configure:6876: gcc -O3 -m32 -c -g -O2  conftest.c >&5
configure:6876: $? = 0
configure:6876: result: yes
configure:6891: checking for dlfcn.h
configure:6891: gcc -O3 -m32 -c -g -O2  conftest.c >&5
configure:6891: $? = 0
configure:6891: result: yes
configure:7075: checking for objdir
configure:7090: result: .libs
configure:7382: checking if gcc -O3 -m32 supports -fno-rtti -fno-exceptions
configure:7400: gcc -O3 -m32 -c -g -O2  -fno-rtti -fno-exceptions conftest.c >&5
cc1: warning: command line option '-fno-rtti' is valid for C++/ObjC++ but not for C [enabled by default]
configure:7404: $? = 0
configure:7417: result: no
configure:7437: checking for gcc -O3 -m32 option to produce PIC
configure:7709: result: -fPIC -DPIC
configure:7721: checking if gcc -O3 -m32 PIC flag -fPIC -DPIC works
configure:7739: gcc -O3 -m32 -c -g -O2  -fPIC -DPIC -DPIC conftest.c >&5
configure:7743: $? = 0
configure:7756: result: yes
configure:7780: checking if gcc -O3 -m32 static flag -static works
configure:7808: result: yes
configure:7823: checking if gcc -O3 -m32 supports -c -o file.o
configure:7844: gcc -O3 -m32 -c -g -O2  -o out/conftest2.o conftest.c >&5
configure:7848: $? = 0
configure:7870: result: yes
configure:7878: checking if gcc -O3 -m32 supports -c -o file.o
configure:7925: result: yes
configure:7958: checking whether the gcc -O3 -m32 linker (/usr/bin/ld) supports shared libraries
configure:8948: result: yes
configure:8985: checking whether -lc should be explicitly linked in
configure:8990: gcc -O3 -m32 -c -g -O2  conftest.c >&5
configure:8993: $? = 0
configure:9008: gcc -O3 -m32 -shared conftest.o  -v -Wl,-soname -Wl,conftest -o conftest 2\>\&1 \| /bin/grep  -lc  \>/dev/null 2\>\&1
configure:9011: $? = 0
configure:9023: result: no
configure:9187: checking dynamic linker characteristics
configure:9620: gcc -O3 -m32 -o conftest -g -O2   -Wl,-rpath -Wl,/foo conftest.c  >&5
configure:9620: $? = 0
configure:9850: result: GNU/Linux ld.so
configure:9952: checking how to hardcode library paths into programs
configure:9977: result: immediate
configure:10497: checking whether stripping libraries is possible
configure:10502: result: yes
configure:10537: checking if libtool supports shared libraries
configure:10539: result: yes
configure:10542: checking whether to build shared libraries
configure:10563: result: yes
configure:10566: checking whether to build static libraries
configure:10570: result: yes
configure:10609: checking for ANSI C header files
configure:10713: result: yes
configure:10723: checking for an ANSI C-conforming const
configure:10788: gcc -O3 -m32 -c -g -O2  conftest.c >&5
configure:10788: $? = 0
configure:10795: result: yes
configure:11188: creating ./config.status

## ---------------- ##
## Cache variables. ##
## ---------------- ##

ac_cv_build=i686-pc-linux-gnu
ac_cv_c_compiler_gnu=yes
ac_cv_c_const=yes
ac_cv_env_CCASFLAGS_set=
ac_cv_env_CCASFLAGS_value=
ac_cv_env_CCAS_set=
ac_cv_env_CCAS_value=
ac_cv_env_CC_set=set
ac_cv_env_CC_value='gcc -O3 -m32'
ac_cv_env_CFLAGS_set=
ac_cv_env_CFLAGS_value=
ac_cv_env_CPPFLAGS_set=
ac_cv_env_CPPFLAGS_value=
ac_cv_env_CPP_set=
ac_cv_env_CPP_value=
ac_cv_env_LDFLAGS_set=
ac_cv_env_LDFLAGS_value=
ac_cv_env_LIBS_set=
ac_cv_env_LIBS_value=
ac_cv_env_build_alias_set=
ac_cv_env_build_alias_value=
ac_cv_env_host_alias_set=
ac_cv_env_host_alias_value=
ac_cv_env_target_alias_set=
ac_cv_env_target_alias_value=
ac_cv_header_dlfcn_h=yes
ac_cv_header_inttypes_h=yes
ac_cv_header_memory_h=yes
ac_cv_header_stdc=yes
ac_cv_header_stdint_h=yes
ac_cv_header_stdlib_h=yes
ac_cv_header_string_h=yes
ac_cv_header_strings_h=yes
ac_cv_header_sys_stat_h=yes
ac_cv_header_sys_types_h=yes
ac_cv_header_unistd_h=yes
ac_cv_host=i686-pc-linux-gnu
ac_cv_objext=o
ac_cv_path_EGREP='/bin/grep -E'
ac_cv_path_FGREP='/bin/grep -F'
ac_cv_path_GREP=/bin/grep
ac_cv_path_SED=/bin/sed
ac_cv_path_install='/usr/bin/install -c'
ac_cv_path_mkdir=/bin/mkdir
ac_cv_prog_AWK=mawk
ac_cv_prog_CPP='gcc -O3 -m32 -E'
ac_cv_prog_ac_ct_AR=ar
ac_cv_prog_ac_ct_CC='gcc -O3 -m32'
ac_cv_prog_ac_ct_OBJDUMP=objdump
ac_cv_prog_ac_ct_RANLIB=ranlib
ac_cv_prog_ac_ct_STRIP=strip
ac_cv_prog_cc_c89=
ac_cv_prog_cc_g=yes
ac_cv_prog_make_make_set=yes
ac_cv_target=i686-pc-linux-gnu
am_cv_CCAS_dependencies_compiler_type=gcc3
am_cv_CC_dependencies_compiler_type=gcc3
lt_cv_deplibs_check_method=pass_all
lt_cv_file_magic_cmd='$MAGIC_CMD'
lt_cv_file_magic_test_file=
lt_cv_ld_reload_flag=-r
lt_cv_nm_interface='BSD nm'
lt_cv_objdir=.libs
lt_cv_path_LD=/usr/bin/ld
lt_cv_path_NM='/usr/bin/nm -B'
lt_cv_prog_compiler_c_o=yes
lt_cv_prog_compiler_pic_works=yes
lt_cv_prog_compiler_rtti_exceptions=no
lt_cv_prog_compiler_static_works=yes
lt_cv_prog_gnu_ld=yes
lt_cv_sys_global_symbol_pipe='sed -n -e '\''s/^.*[	 ]\([ABCDGIRSTW][ABCDGIRSTW]*\)[	 ][	 ]*\([_A-Za-z][_A-Za-z0-9]*\)$/\1 \2 \2/p'\'''
lt_cv_sys_global_symbol_to_c_name_address='sed -n -e '\''s/^: \([^ ]*\) $/  {\"\1\", (void *) 0},/p'\'' -e '\''s/^[ABCDGIRSTW]* \([^ ]*\) \([^ ]*\)$/  {"\2", (void *) \&\2},/p'\'''
lt_cv_sys_global_symbol_to_c_name_address_lib_prefix='sed -n -e '\''s/^: \([^ ]*\) $/  {\"\1\", (void *) 0},/p'\'' -e '\''s/^[ABCDGIRSTW]* \([^ ]*\) \(lib[^ ]*\)$/  {"\2", (void *) \&\2},/p'\'' -e '\''s/^[ABCDGIRSTW]* \([^ ]*\) \([^ ]*\)$/  {"lib\2", (void *) \&\2},/p'\'''
lt_cv_sys_global_symbol_to_cdecl='sed -n -e '\''s/^T .* \(.*\)$/extern int \1();/p'\'' -e '\''s/^[ABCDGIRSTW]* .* \(.*\)$/extern char \1;/p'\'''
lt_cv_sys_max_cmd_len=805306365

## ----------------- ##
## Output variables. ##
## ----------------- ##

ACLOCAL='${SHELL} /home/sho/src/myproject/gcc/openmp/nano-threads-library-4.1.4/missing --run aclocal-1.11'
AMDEPBACKSLASH='\'
AMDEP_FALSE='#'
AMDEP_TRUE=''
AMTAR='${SHELL} /home/sho/src/myproject/gcc/openmp/nano-threads-library-4.1.4/missing --run tar'
AR='ar'
AUTOCONF='${SHELL} /home/sho/src/myproject/gcc/openmp/nano-threads-library-4.1.4/missing --run autoconf'
AUTOHEADER='${SHELL} /home/sho/src/myproject/gcc/openmp/nano-threads-library-4.1.4/missing --run autoheader'
AUTOMAKE='${SHELL} /home/sho/src/myproject/gcc/openmp/nano-threads-library-4.1.4/missing --run automake-1.11'
AWK='mawk'
CC='gcc -O3 -m32'
CCAS='gcc -O3 -m32'
CCASDEPMODE='depmode=gcc3'
CCASFLAGS='-g -O2'
CCDEPMODE='depmode=gcc3'
CFLAGS='-g -O2 -march=i686'
CPP='gcc -O3 -m32 -E'
CPPFLAGS=''
CYGPATH_W='echo'
DEBUG_FALSE=''
DEBUG_TRUE='#'
DEFS='-DHAVE_CONFIG_H'
DEPDIR='.deps'
DEVELOPMENT_FALSE=''
DEVELOPMENT_TRUE='#'
DSYMUTIL=''
DUMPBIN=''
ECHO_C=''
ECHO_N='-n'
ECHO_T=''
EGREP='/bin/grep -E'
EXEEXT=''
FGREP='/bin/grep -F'
GREP='/bin/grep'
INSTALL_DATA='${INSTALL} -m 644'
INSTALL_PROGRAM='${INSTALL}'
INSTALL_SCRIPT='${INSTALL}'
INSTALL_STRIP_PROGRAM='$(install_sh) -c -s'
LD='/usr/bin/ld'
LDFLAGS=''
LIBOBJS=''
LIBS=''
LIBTOOL='$(SHELL) $(top_builddir)/libtool'
LIPO=''
LN_S='ln -s'
LTLIBOBJS=''
MAKEINFO='${SHELL} /home/sho/src/myproject/gcc/openmp/nano-threads-library-4.1.4/missing --run makeinfo'
MKDIR_P='/bin/mkdir -p'
NM='/usr/bin/nm -B'
NMEDIT=''
OBJDUMP='objdump'
OBJEXT='o'
OMP_STUBS_FALSE=''
OMP_STUBS_TRUE='#'
OTOOL64=''
OTOOL=''
PACKAGE='nano-threads-library'
PACKAGE_BUGREPORT='mercurium@bsc.es'
PACKAGE_NAME='nano-threads-library'
PACKAGE_STRING='nano-threads-library 4.1.4'
PACKAGE_TARNAME='nano-threads-library'
PACKAGE_URL=''
PACKAGE_VERSION='4.1.4'
PARAVER_FALSE=''
PARAVER_TRUE='#'
PATH_SEPARATOR=':'
PERFORMANCE_FALSE='#'
PERFORMANCE_TRUE=''
RANLIB='ranlib'
SED='/bin/sed'
SET_MAKE=''
SHELL='/bin/bash'
STRIP='strip'
VERSION='4.1.4'
ac_ct_CC='gcc -O3 -m32'
ac_ct_DUMPBIN=''
am__EXEEXT_FALSE=''
am__EXEEXT_TRUE='#'
am__fastdepCCAS_FALSE='#'
am__fastdepCCAS_TRUE=''
am__fastdepCC_FALSE='#'
am__fastdepCC_TRUE=''
am__include='include'
am__isrc=''
am__leading_dot='.'
am__quote=''
am__tar='${AMTAR} chof - "$$tardir"'
am__untar='${AMTAR} xf -'
bindir='${exec_prefix}/bin'
build='i686-pc-linux-gnu'
build_alias=''
build_cpu='i686'
build_os='linux-gnu'
build_vendor='pc'
datadir='${datarootdir}'
datarootdir='${prefix}/share'
docdir='${datarootdir}/doc/${PACKAGE_TARNAME}'
dvidir='${docdir}'
exec_prefix='${prefix}'
host='i686-pc-linux-gnu'
host_alias=''
host_cpu='i686'
host_os='linux-gnu'
host_vendor='pc'
hostcode='i386-linux'
htmldir='${docdir}'
includedir='${prefix}/include'
infodir='${datarootdir}/info'
install_sh='${SHELL} /home/sho/src/myproject/gcc/openmp/nano-threads-library-4.1.4/install-sh'
libdir='${exec_prefix}/lib'
libexecdir='${exec_prefix}/libexec'
localedir='${datarootdir}/locale'
localstatedir='${prefix}/var'
lt_ECHO='echo'
mandir='${datarootdir}/man'
mkdir_p='/bin/mkdir -p'
oldincludedir='/usr/include'
pdfdir='${docdir}'
prefix='/home/sho/software/mercurium'
program_transform_name='s,x,x,'
psdir='${docdir}'
sbindir='${exec_prefix}/sbin'
sharedstatedir='${prefix}/com'
sysconfdir='${prefix}/etc'
target='i686-pc-linux-gnu'
target_alias=''
target_cpu='i686'
target_os='linux-gnu'
target_vendor='pc'

## ----------- ##
## confdefs.h. ##
## ----------- ##

/* confdefs.h */
#define PACKAGE_NAME "nano-threads-library"
#define PACKAGE_TARNAME "nano-threads-library"
#define PACKAGE_VERSION "4.1.4"
#define PACKAGE_STRING "nano-threads-library 4.1.4"
#define PACKAGE_BUGREPORT "mercurium@bsc.es"
#define PACKAGE_URL ""
#define PACKAGE "nano-threads-library"
#define VERSION "4.1.4"
#define STDC_HEADERS 1
#define HAVE_SYS_TYPES_H 1
#define HAVE_SYS_STAT_H 1
#define HAVE_STDLIB_H 1
#define HAVE_STRING_H 1
#define HAVE_MEMORY_H 1
#define HAVE_STRINGS_H 1
#define HAVE_INTTYPES_H 1
#define HAVE_STDINT_H 1
#define HAVE_UNISTD_H 1
#define HAVE_DLFCN_H 1
#define LT_OBJDIR ".libs/"
#define STDC_HEADERS 1

configure: exit 0

## ---------------------- ##
## Running config.status. ##
## ---------------------- ##

This file was extended by nano-threads-library config.status 4.1.4, which was
generated by GNU Autoconf 2.64.  Invocation command line was

  CONFIG_FILES    = 
  CONFIG_HEADERS  = 
  CONFIG_LINKS    = 
  CONFIG_COMMANDS = 
  $ ./config.status 

on sho-T400s

config.status:1087: creating Makefile
config.status:1087: creating src/Makefile
config.status:1087: creating src/machine/Makefile
config.status:1087: creating src/machine/i386-linux/Makefile
config.status:1087: creating src/machine/powerpc64-linux/Makefile
config.status:1087: creating src/machine/powerpc32-linux/Makefile
config.status:1087: creating src/machine/ia64-linux/Makefile
config.status:1087: creating src/machine/alpha-osf/Makefile
config.status:1087: creating tests/Makefile
config.status:1087: creating config.h
config.status:1259: config.h is unchanged
config.status:1307: executing depfiles commands
config.status:1307: executing libtool commands
