This file contains any messages produced by compilers while
running configure, to aid debugging if configure makes a mistake.

It was created by configure, which was
generated by GNU Autoconf 2.59.  Invocation command line was

  $ /home/sho/src/myproject/gsoc/related_work/OpenUH/osprey/cygnus/libiberty/configure --cache-file=./config.cache --build=i686-open64-linux --host=i686-open64-linux --target=x86_64-open64-linux --with-gnu-ld --prefix=/home/sho/software/OpenUH --program-transform-name=s,^,x86_64-open64-linux-,;  --srcdir=.././libiberty

## --------- ##
## Platform. ##
## --------- ##

hostname = sho-T400s
uname -m = i686
uname -r = 2.6.38-8-generic-pae
uname -s = Linux
uname -v = #42-Ubuntu SMP Mon Apr 11 05:17:09 UTC 2011

/usr/bin/uname -p = unknown
/bin/uname -X     = unknown

/bin/arch              = unknown
/usr/bin/arch -k       = unknown
/usr/convex/getsysinfo = unknown
hostinfo               = unknown
/bin/machine           = unknown
/usr/bin/oslevel       = unknown
/bin/universe          = unknown

PATH: /home/sho/bin
PATH: /home/sho/software/gcc/bin
PATH: /usr/local/teTeX/bin
PATH: /home/sho/bin
PATH: /usr/local/sbin
PATH: /usr/local/bin
PATH: /usr/sbin
PATH: /usr/bin
PATH: /sbin
PATH: /bin
PATH: /usr/games


## ----------- ##
## Core tests. ##
## ----------- ##

configure:1219: loading cache ./config.cache
configure:1384: checking whether to enable maintainer-specific portions of Makefiles
configure:1394: result: no
configure:1409: checking for makeinfo
configure:1435: result: /home/sho/src/myproject/gsoc/related_work/OpenUH/osprey/cygnus/missing makeinfo
configure:1451: WARNING:
*** Makeinfo is missing. Info documentation will not be built.
configure:1474: checking for perl
configure:1500: result: perl
configure:1520: checking build system type
configure:1538: result: i686-open64-linux-gnu
configure:1546: checking host system type
configure:1560: result: i686-open64-linux-gnu
configure:1573: checking for i686-open64-linux-ar
configure:1599: result: ar
configure:1652: checking for i686-open64-linux-ranlib
configure:1678: result: ranlib
configure:1739: checking for i686-open64-linux-gcc
configure:1765: result: gcc -m32
configure:2047: checking for C compiler version
configure:2050: gcc -m32 --version </dev/null >&5
gcc (GCC) 4.7.0 20110331 (experimental)
Copyright (C) 2011 Free Software Foundation, Inc.
This is free software; see the source for copying conditions.  There is NO
warranty; not even for MERCHANTABILITY or FITNESS FOR A PARTICULAR PURPOSE.

configure:2053: $? = 0
configure:2055: gcc -m32 -v </dev/null >&5
Using built-in specs.
COLLECT_GCC=gcc
COLLECT_LTO_WRAPPER=/home/sho/software/gcc/libexec/gcc/i686-pc-linux-gnu/4.7.0/lto-wrapper
Target: i686-pc-linux-gnu
Configured with: ./configure --prefix=/home/sho/software/gcc
Thread model: posix
gcc version 4.7.0 20110331 (experimental) (GCC) 
configure:2058: $? = 0
configure:2060: gcc -m32 -V </dev/null >&5
gcc: error: unrecognized command line option '-V'
gcc: fatal error: no input files
compilation terminated.
configure:2063: $? = 1
configure:2082: gcc -m32 -o conftest -g   conftest.c  >&5
configure:2085: $? = 0
configure:2119: checking for C compiler default output file name
configure:2122: gcc -m32 -g   conftest.c  >&5
configure:2125: $? = 0
configure:2171: result: a.out
configure:2176: checking whether the C compiler works
configure:2182: ./a.out
configure:2185: $? = 0
configure:2202: result: yes
configure:2209: checking whether we are cross compiling
configure:2211: result: no
configure:2214: checking for suffix of executables
configure:2216: gcc -m32 -o conftest -g   conftest.c  >&5
configure:2219: $? = 0
configure:2244: result: 
configure:2251: checking for suffix of object files
configure:2297: result: o
configure:2301: checking whether we are using the GNU C compiler
configure:2357: result: yes
configure:2363: checking whether gcc -m32 accepts -g
configure:2414: result: yes
configure:2431: checking for gcc -m32 option to accept ANSI C
configure:2538: result: none needed
configure:2556: gcc -m32 -c -g  conftest.c >&5
conftest.c:2:3: error: unknown type name 'choke'
conftest.c:2:3: error: expected '=', ',', ';', 'asm' or '__attribute__' at end of input
configure:2562: $? = 1
configure: failed program was:
| #ifndef __cplusplus
|   choke me
| #endif
configure:2700: checking how to run the C preprocessor
configure:2818: result: gcc -m32 -E
configure:2842: gcc -m32 -E  conftest.c
configure:2848: $? = 0
configure:2880: gcc -m32 -E  conftest.c
conftest.c:9:28: fatal error: ac_nonexistent.h: No such file or directory
compilation terminated.
configure:2886: $? = 1
configure: failed program was:
| /* confdefs.h.  */
| 
| #define PACKAGE_NAME ""
| #define PACKAGE_TARNAME ""
| #define PACKAGE_VERSION ""
| #define PACKAGE_STRING ""
| #define PACKAGE_BUGREPORT ""
| /* end confdefs.h.  */
| #include <ac_nonexistent.h>
configure:2938: checking whether gcc -m32 and cc understand -c and -o together
configure:3015: result: yes
configure:3037: checking for an ANSI C-conforming const
configure:3134: result: yes
configure:3144: checking for inline
configure:3196: result: inline
configure:3215: checking whether byte ordering is bigendian
configure:3364: result: no
configure:3445: checking for a BSD-compatible install
configure:3500: result: /usr/bin/install -c
configure:3546: checking for sys/file.h
configure:3586: result: yes
configure:3546: checking for sys/param.h
configure:3586: result: yes
configure:3546: checking for limits.h
configure:3586: result: yes
configure:3546: checking for stdlib.h
configure:3586: result: yes
configure:3546: checking for malloc.h
configure:3586: result: yes
configure:3546: checking for string.h
configure:3586: result: yes
configure:3546: checking for unistd.h
configure:3586: result: yes
configure:3546: checking for strings.h
configure:3586: result: yes
configure:3546: checking for sys/time.h
configure:3586: result: yes
configure:3546: checking for time.h
configure:3586: result: yes
configure:3546: checking for sys/resource.h
configure:3586: result: yes
configure:3546: checking for sys/stat.h
configure:3586: result: yes
configure:3546: checking for sys/mman.h
configure:3586: result: yes
configure:3546: checking for fcntl.h
configure:3586: result: yes
configure:3546: checking for alloca.h
configure:3586: result: yes
configure:3546: checking for sys/pstat.h
configure:3586: result: no
configure:3546: checking for sys/sysmp.h
configure:3586: result: no
configure:3546: checking for sys/sysinfo.h
configure:3586: result: yes
configure:3546: checking for machine/hal_sysinfo.h
configure:3586: result: no
configure:3546: checking for sys/table.h
configure:3586: result: no
configure:3546: checking for sys/sysctl.h
configure:3586: result: yes
configure:3546: checking for sys/systemcfg.h
configure:3586: result: no
configure:3546: checking for stdint.h
configure:3586: result: yes
configure:3596: checking for sys/wait.h that is POSIX.1 compatible
configure:3657: result: yes
configure:3667: checking whether time.h and sys/time.h may both be included
configure:3722: result: yes
configure:3733: checking whether errno must be declared
configure:3784: result: no
configure:3796: checking for egrep
configure:3806: result: grep -E
configure:3811: checking for ANSI C header files
configure:3967: result: yes
configure:3991: checking for sys/types.h
configure:4031: result: yes
configure:3991: checking for sys/stat.h
configure:4031: result: yes
configure:3991: checking for stdlib.h
configure:4031: result: yes
configure:3991: checking for string.h
configure:4031: result: yes
configure:3991: checking for memory.h
configure:4031: result: yes
configure:3991: checking for strings.h
configure:4031: result: yes
configure:3991: checking for inttypes.h
configure:4031: result: yes
configure:3991: checking for stdint.h
configure:4031: result: yes
configure:3991: checking for unistd.h
configure:4031: result: yes
configure:4042: checking for int
configure:4096: result: yes
configure:4099: checking size of int
configure:4449: result: 4
configure:4457: checking for uintptr_t
configure:4511: result: yes
configure:4525: checking for a 64-bit type
configure:4677: result: uint64_t
configure:4696: checking for pid_t
configure:4750: result: yes
configure:5339: checking for library containing strerror
configure:5468: result: none required
configure:5479: checking for asprintf
configure:5566: result: yes
configure:5479: checking for atexit
configure:5566: result: yes
configure:5479: checking for basename
configure:5566: result: yes
configure:5479: checking for bcmp
configure:5566: result: yes
configure:5479: checking for bcopy
configure:5566: result: yes
configure:5479: checking for bsearch
configure:5566: result: yes
configure:5479: checking for bzero
configure:5566: result: yes
configure:5479: checking for calloc
configure:5566: result: yes
configure:5479: checking for clock
configure:5566: result: yes
configure:5479: checking for ffs
configure:5566: result: yes
configure:5479: checking for getcwd
configure:5566: result: yes
configure:5479: checking for getpagesize
configure:5566: result: yes
configure:5479: checking for index
configure:5566: result: yes
configure:5479: checking for insque
configure:5566: result: yes
configure:5479: checking for memchr
configure:5566: result: yes
configure:5479: checking for memcmp
configure:5566: result: yes
configure:5479: checking for memcpy
configure:5566: result: yes
configure:5479: checking for memmove
configure:5566: result: yes
configure:5479: checking for mempcpy
configure:5566: result: yes
configure:5479: checking for memset
configure:5566: result: yes
configure:5479: checking for mkstemps
configure:5566: result: yes
configure:5479: checking for putenv
configure:5566: result: yes
configure:5479: checking for random
configure:5566: result: yes
configure:5479: checking for rename
configure:5566: result: yes
configure:5479: checking for rindex
configure:5566: result: yes
configure:5479: checking for setenv
configure:5566: result: yes
configure:5479: checking for snprintf
configure:5566: result: yes
configure:5479: checking for sigsetmask
configure:5566: result: yes
configure:5479: checking for stpcpy
configure:5566: result: yes
configure:5479: checking for stpncpy
configure:5566: result: yes
configure:5479: checking for strcasecmp
configure:5566: result: yes
configure:5479: checking for strchr
configure:5566: result: yes
configure:5479: checking for strdup
configure:5566: result: yes
configure:5479: checking for strncasecmp
configure:5566: result: yes
configure:5479: checking for strrchr
configure:5566: result: yes
configure:5479: checking for strstr
configure:5566: result: yes
configure:5479: checking for strtod
configure:5566: result: yes
configure:5479: checking for strtol
configure:5566: result: yes
configure:5479: checking for strtoul
configure:5566: result: yes
configure:5479: checking for tmpnam
configure:5566: result: yes
configure:5479: checking for vasprintf
configure:5566: result: yes
configure:5479: checking for vfprintf
configure:5566: result: yes
configure:5479: checking for vprintf
configure:5566: result: yes
configure:5479: checking for vsnprintf
configure:5566: result: yes
configure:5479: checking for vsprintf
configure:5566: result: yes
configure:5479: checking for waitpid
configure:5566: result: yes
configure:5586: checking whether alloca needs Cray hooks
configure:5613: result: no
configure:5718: checking stack direction for C alloca
configure:5772: result: -1
configure:5785: checking for unistd.h
configure:5825: result: yes
configure:5785: checking for vfork.h
configure:5825: result: no
configure:5840: checking for fork
configure:5927: result: yes
configure:5840: checking for vfork
configure:5927: result: yes
configure:5938: checking for working fork
configure:5983: result: yes
configure:6004: checking for working vfork
configure:6137: result: yes
configure:6298: checking for _doprnt
configure:6385: result: no
configure:6398: checking for sys_errlist
configure:6457: result: yes
configure:6398: checking for sys_nerr
configure:6457: result: yes
configure:6398: checking for sys_siglist
configure:6457: result: yes
configure:6472: checking for external symbol _system_configuration
configure:6490: gcc -m32 -c -g  conftest.c >&5
conftest.c:98:27: fatal error: sys/systemcfg.h: No such file or directory
compilation terminated.
configure:6496: $? = 1
configure: failed program was:
| /* confdefs.h.  */
| 
| #define PACKAGE_NAME ""
| #define PACKAGE_TARNAME ""
| #define PACKAGE_VERSION ""
| #define PACKAGE_STRING ""
| #define PACKAGE_BUGREPORT ""
| #define BYTEORDER 1234
| #define HAVE_SYS_FILE_H 1
| #define HAVE_SYS_PARAM_H 1
| #define HAVE_LIMITS_H 1
| #define HAVE_STDLIB_H 1
| #define HAVE_MALLOC_H 1
| #define HAVE_STRING_H 1
| #define HAVE_UNISTD_H 1
| #define HAVE_STRINGS_H 1
| #define HAVE_SYS_TIME_H 1
| #define HAVE_TIME_H 1
| #define HAVE_SYS_RESOURCE_H 1
| #define HAVE_SYS_STAT_H 1
| #define HAVE_SYS_MMAN_H 1
| #define HAVE_FCNTL_H 1
| #define HAVE_ALLOCA_H 1
| #define HAVE_SYS_SYSINFO_H 1
| #define HAVE_SYS_SYSCTL_H 1
| #define HAVE_STDINT_H 1
| #define HAVE_SYS_WAIT_H 1
| #define TIME_WITH_SYS_TIME 1
| #define STDC_HEADERS 1
| #define HAVE_SYS_TYPES_H 1
| #define HAVE_SYS_STAT_H 1
| #define HAVE_STDLIB_H 1
| #define HAVE_STRING_H 1
| #define HAVE_MEMORY_H 1
| #define HAVE_STRINGS_H 1
| #define HAVE_INTTYPES_H 1
| #define HAVE_STDINT_H 1
| #define HAVE_UNISTD_H 1
| #define SIZEOF_INT 4
| #define UNSIGNED_64BIT_TYPE uint64_t
| #define HAVE_UINTPTR_T 1
| #define HAVE_ASPRINTF 1
| #define HAVE_ATEXIT 1
| #define HAVE_BASENAME 1
| #define HAVE_BCMP 1
| #define HAVE_BCOPY 1
| #define HAVE_BSEARCH 1
| #define HAVE_BZERO 1
| #define HAVE_CALLOC 1
| #define HAVE_CLOCK 1
| #define HAVE_FFS 1
| #define HAVE_GETCWD 1
| #define HAVE_GETPAGESIZE 1
| #define HAVE_INDEX 1
| #define HAVE_INSQUE 1
| #define HAVE_MEMCHR 1
| #define HAVE_MEMCMP 1
| #define HAVE_MEMCPY 1
| #define HAVE_MEMMOVE 1
| #define HAVE_MEMPCPY 1
| #define HAVE_MEMSET 1
| #define HAVE_MKSTEMPS 1
| #define HAVE_PUTENV 1
| #define HAVE_RANDOM 1
| #define HAVE_RENAME 1
| #define HAVE_RINDEX 1
| #define HAVE_SETENV 1
| #define HAVE_SNPRINTF 1
| #define HAVE_SIGSETMASK 1
| #define HAVE_STPCPY 1
| #define HAVE_STPNCPY 1
| #define HAVE_STRCASECMP 1
| #define HAVE_STRCHR 1
| #define HAVE_STRDUP 1
| #define HAVE_STRNCASECMP 1
| #define HAVE_STRRCHR 1
| #define HAVE_STRSTR 1
| #define HAVE_STRTOD 1
| #define HAVE_STRTOL 1
| #define HAVE_STRTOUL 1
| #define HAVE_TMPNAM 1
| #define HAVE_VASPRINTF 1
| #define HAVE_VFPRINTF 1
| #define HAVE_VPRINTF 1
| #define HAVE_VSNPRINTF 1
| #define HAVE_VSPRINTF 1
| #define HAVE_WAITPID 1
| #define STACK_DIRECTION -1
| #define HAVE_UNISTD_H 1
| #define HAVE_FORK 1
| #define HAVE_VFORK 1
| #define HAVE_WORKING_VFORK 1
| #define HAVE_WORKING_FORK 1
| #define HAVE_SYS_ERRLIST 1
| #define HAVE_SYS_NERR 1
| #define HAVE_SYS_SIGLIST 1
| /* end confdefs.h.  */
| #include <sys/systemcfg.h>
| int
| main ()
| {
| double x = _system_configuration.physmem;
|   ;
|   return 0;
| }
configure:6522: result: no
configure:6531: checking for getrusage
configure:6618: result: yes
configure:6531: checking for on_exit
configure:6618: result: yes
configure:6531: checking for psignal
configure:6618: result: yes
configure:6531: checking for strerror
configure:6618: result: yes
configure:6531: checking for strsignal
configure:6618: result: yes
configure:6531: checking for sysconf
configure:6618: result: yes
configure:6531: checking for times
configure:6618: result: yes
configure:6531: checking for sbrk
configure:6618: result: yes
configure:6531: checking for gettimeofday
configure:6618: result: yes
configure:6531: checking for realpath
configure:6618: result: yes
configure:6531: checking for canonicalize_file_name
configure:6618: result: yes
configure:6531: checking for pstat_getstatic
configure:6618: result: no
configure:6531: checking for pstat_getdynamic
configure:6618: result: no
configure:6531: checking for sysmp
configure:6618: result: no
configure:6531: checking for getsysinfo
configure:6618: result: no
configure:6531: checking for table
configure:6618: result: no
configure:6531: checking for sysctl
configure:6618: result: yes
configure:6628: checking whether canonicalize_file_name must be declared
configure:6695: result: yes
configure:7056: checking for working strncmp
configure:7156: result: yes
configure:7289: creating ./config.status

## ---------------------- ##
## Running config.status. ##
## ---------------------- ##

This file was extended by config.status, which was
generated by GNU Autoconf 2.59.  Invocation command line was

  CONFIG_FILES    = 
  CONFIG_HEADERS  = 
  CONFIG_LINKS    = 
  CONFIG_COMMANDS = 
  $ ./config.status 

on sho-T400s

config.status:699: creating Makefile
config.status:699: creating testsuite/Makefile
config.status:796: creating config.h
config.status:1118: config.h is unchanged
config.status:1276: executing default commands

## ---------------- ##
## Cache variables. ##
## ---------------- ##

ac_cv_build=i686-open64-linux-gnu
ac_cv_build_alias=i686-open64-linux
ac_cv_c_bigendian=no
ac_cv_c_compiler_gnu=yes
ac_cv_c_const=yes
ac_cv_c_inline=inline
ac_cv_c_stack_direction=-1
ac_cv_env_CC_set=set
ac_cv_env_CC_value='gcc -m32'
ac_cv_env_CFLAGS_set=set
ac_cv_env_CFLAGS_value=-g
ac_cv_env_CPPFLAGS_set=
ac_cv_env_CPPFLAGS_value=
ac_cv_env_CPP_set=
ac_cv_env_CPP_value=
ac_cv_env_LDFLAGS_set=set
ac_cv_env_LDFLAGS_value=
ac_cv_env_build_alias_set=set
ac_cv_env_build_alias_value=i686-open64-linux
ac_cv_env_host_alias_set=set
ac_cv_env_host_alias_value=i686-open64-linux
ac_cv_env_target_alias_set=set
ac_cv_env_target_alias_value=x86_64-open64-linux
ac_cv_exeext=
ac_cv_func__doprnt=no
ac_cv_func_asprintf=yes
ac_cv_func_atexit=yes
ac_cv_func_basename=yes
ac_cv_func_bcmp=yes
ac_cv_func_bcopy=yes
ac_cv_func_bsearch=yes
ac_cv_func_bzero=yes
ac_cv_func_calloc=yes
ac_cv_func_canonicalize_file_name=yes
ac_cv_func_clock=yes
ac_cv_func_ffs=yes
ac_cv_func_fork=yes
ac_cv_func_fork_works=yes
ac_cv_func_getcwd=yes
ac_cv_func_getpagesize=yes
ac_cv_func_getrusage=yes
ac_cv_func_getsysinfo=no
ac_cv_func_gettimeofday=yes
ac_cv_func_index=yes
ac_cv_func_insque=yes
ac_cv_func_memchr=yes
ac_cv_func_memcmp=yes
ac_cv_func_memcpy=yes
ac_cv_func_memmove=yes
ac_cv_func_mempcpy=yes
ac_cv_func_memset=yes
ac_cv_func_mkstemps=yes
ac_cv_func_mmap_fixed_mapped=yes
ac_cv_func_on_exit=yes
ac_cv_func_psignal=yes
ac_cv_func_pstat_getdynamic=no
ac_cv_func_pstat_getstatic=no
ac_cv_func_putenv=yes
ac_cv_func_random=yes
ac_cv_func_realpath=yes
ac_cv_func_rename=yes
ac_cv_func_rindex=yes
ac_cv_func_sbrk=yes
ac_cv_func_setenv=yes
ac_cv_func_sigsetmask=yes
ac_cv_func_snprintf=yes
ac_cv_func_stpcpy=yes
ac_cv_func_stpncpy=yes
ac_cv_func_strcasecmp=yes
ac_cv_func_strchr=yes
ac_cv_func_strdup=yes
ac_cv_func_strerror=yes
ac_cv_func_strncasecmp=yes
ac_cv_func_strncmp_works=yes
ac_cv_func_strrchr=yes
ac_cv_func_strsignal=yes
ac_cv_func_strstr=yes
ac_cv_func_strtod=yes
ac_cv_func_strtol=yes
ac_cv_func_strtoul=yes
ac_cv_func_sysconf=yes
ac_cv_func_sysctl=yes
ac_cv_func_sysmp=no
ac_cv_func_table=no
ac_cv_func_times=yes
ac_cv_func_tmpnam=yes
ac_cv_func_vasprintf=yes
ac_cv_func_vfork=yes
ac_cv_func_vfork_works=yes
ac_cv_func_vfprintf=yes
ac_cv_func_vprintf=yes
ac_cv_func_vsnprintf=yes
ac_cv_func_vsprintf=yes
ac_cv_func_waitpid=yes
ac_cv_header_alloca_h=yes
ac_cv_header_fcntl_h=yes
ac_cv_header_inttypes_h=yes
ac_cv_header_limits_h=yes
ac_cv_header_machine_hal_sysinfo_h=no
ac_cv_header_malloc_h=yes
ac_cv_header_memory_h=yes
ac_cv_header_stdc=yes
ac_cv_header_stdint_h=yes
ac_cv_header_stdlib_h=yes
ac_cv_header_string_h=yes
ac_cv_header_strings_h=yes
ac_cv_header_sys_file_h=yes
ac_cv_header_sys_mman_h=yes
ac_cv_header_sys_param_h=yes
ac_cv_header_sys_pstat_h=no
ac_cv_header_sys_resource_h=yes
ac_cv_header_sys_stat_h=yes
ac_cv_header_sys_sysctl_h=yes
ac_cv_header_sys_sysinfo_h=yes
ac_cv_header_sys_sysmp_h=no
ac_cv_header_sys_systemcfg_h=no
ac_cv_header_sys_table_h=no
ac_cv_header_sys_time_h=yes
ac_cv_header_sys_types_h=yes
ac_cv_header_sys_wait_h=yes
ac_cv_header_time=yes
ac_cv_header_time_h=yes
ac_cv_header_unistd_h=yes
ac_cv_header_vfork_h=no
ac_cv_host=i686-open64-linux-gnu
ac_cv_host_alias=i686-open64-linux
ac_cv_objext=o
ac_cv_os_cray=no
ac_cv_path_install='/usr/bin/install -c'
ac_cv_prog_AR=ar
ac_cv_prog_CC='gcc -m32'
ac_cv_prog_CPP='gcc -m32 -E'
ac_cv_prog_MAKEINFO='/home/sho/src/myproject/gsoc/related_work/OpenUH/osprey/cygnus/missing makeinfo'
ac_cv_prog_PERL=perl
ac_cv_prog_RANLIB=ranlib
ac_cv_prog_cc_g=yes
ac_cv_prog_cc_gcc_c_o=yes
ac_cv_prog_cc_stdc=
ac_cv_prog_egrep='grep -E'
ac_cv_search_strerror='none required'
ac_cv_sizeof_int=4
ac_cv_type_int=yes
ac_cv_type_pid_t=yes
ac_cv_type_uintptr_t=yes
liberty_cv_uint64=uint64_t
libiberty_cv_decl_needed_canonicalize_file_name=yes
libiberty_cv_declare_errno=no
libiberty_cv_var_sys_errlist=yes
libiberty_cv_var_sys_nerr=yes
libiberty_cv_var_sys_siglist=yes

## ----------------- ##
## Output variables. ##
## ----------------- ##

AR='ar'
BUILD_INFO=''
CC='gcc -m32'
CFLAGS='-g'
CHECK='check-cplus-dem'
CPP='gcc -m32 -E'
CPPFLAGS=''
DEFS='-DHAVE_CONFIG_H'
ECHO_C=''
ECHO_N='-n'
ECHO_T=''
EGREP='grep -E'
EXEEXT=''
HAVE_PERL=''
INSTALL_DATA='${INSTALL} -m 644'
INSTALL_DEST='libdir'
INSTALL_PROGRAM='${INSTALL}'
INSTALL_SCRIPT='${INSTALL}'
LDFLAGS=''
LIBOBJS=''
LIBS=''
LTLIBOBJS=''
MAINT='#'
MAKEINFO='/home/sho/src/myproject/gsoc/related_work/OpenUH/osprey/cygnus/missing makeinfo'
NOTMAINT=''
NO_MINUS_C_MINUS_O=''
OBJEXT='o'
OUTPUT_OPTION='-o $@'
PACKAGE_BUGREPORT=''
PACKAGE_NAME=''
PACKAGE_STRING=''
PACKAGE_TARNAME=''
PACKAGE_VERSION=''
PATH_SEPARATOR=':'
PERL='perl'
RANLIB='ranlib'
SHELL='/bin/bash'
ac_ct_AR=''
ac_ct_CC=''
ac_ct_RANLIB=''
ac_libiberty_warn_cflags='-W -Wall -Wtraditional -pedantic'
bindir='${exec_prefix}/bin'
build='i686-open64-linux-gnu'
build_alias='i686-open64-linux'
build_cpu='i686'
build_os='linux-gnu'
build_vendor='open64'
datadir='${prefix}/share'
exec_prefix='${prefix}'
host='i686-open64-linux-gnu'
host_alias='i686-open64-linux'
host_cpu='i686'
host_os='linux-gnu'
host_vendor='open64'
includedir='${prefix}/include'
infodir='${prefix}/info'
libdir='${exec_prefix}/lib'
libexecdir='${exec_prefix}/libexec'
libiberty_topdir='.././libiberty/..'
localstatedir='${prefix}/var'
mandir='${prefix}/man'
oldincludedir='/usr/include'
pexecute='./pex-unix.o'
prefix='/home/sho/software/OpenUH'
program_transform_name='s,^,x86_64-open64-linux-,; '
sbindir='${exec_prefix}/sbin'
sharedstatedir='${prefix}/com'
sysconfdir='${prefix}/etc'
target_alias='x86_64-open64-linux'
target_header_dir=''

## ------------- ##
## Output files. ##
## ------------- ##

host_makefile_frag='xhost-mkfrag'

## ----------- ##
## confdefs.h. ##
## ----------- ##

#define BYTEORDER 1234
#define HAVE_ALLOCA_H 1
#define HAVE_ASPRINTF 1
#define HAVE_ATEXIT 1
#define HAVE_BASENAME 1
#define HAVE_BCMP 1
#define HAVE_BCOPY 1
#define HAVE_BSEARCH 1
#define HAVE_BZERO 1
#define HAVE_CALLOC 1
#define HAVE_CANONICALIZE_FILE_NAME 1
#define HAVE_CLOCK 1
#define HAVE_FCNTL_H 1
#define HAVE_FFS 1
#define HAVE_FORK 1
#define HAVE_GETCWD 1
#define HAVE_GETPAGESIZE 1
#define HAVE_GETRUSAGE 1
#define HAVE_GETTIMEOFDAY 1
#define HAVE_INDEX 1
#define HAVE_INSQUE 1
#define HAVE_INTTYPES_H 1
#define HAVE_LIMITS_H 1
#define HAVE_MALLOC_H 1
#define HAVE_MEMCHR 1
#define HAVE_MEMCMP 1
#define HAVE_MEMCPY 1
#define HAVE_MEMMOVE 1
#define HAVE_MEMORY_H 1
#define HAVE_MEMPCPY 1
#define HAVE_MEMSET 1
#define HAVE_MKSTEMPS 1
#define HAVE_ON_EXIT 1
#define HAVE_PSIGNAL 1
#define HAVE_PUTENV 1
#define HAVE_RANDOM 1
#define HAVE_REALPATH 1
#define HAVE_RENAME 1
#define HAVE_RINDEX 1
#define HAVE_SBRK 1
#define HAVE_SETENV 1
#define HAVE_SIGSETMASK 1
#define HAVE_SNPRINTF 1
#define HAVE_STDINT_H 1
#define HAVE_STDINT_H 1
#define HAVE_STDLIB_H 1
#define HAVE_STDLIB_H 1
#define HAVE_STPCPY 1
#define HAVE_STPNCPY 1
#define HAVE_STRCASECMP 1
#define HAVE_STRCHR 1
#define HAVE_STRDUP 1
#define HAVE_STRERROR 1
#define HAVE_STRINGS_H 1
#define HAVE_STRINGS_H 1
#define HAVE_STRING_H 1
#define HAVE_STRING_H 1
#define HAVE_STRNCASECMP 1
#define HAVE_STRRCHR 1
#define HAVE_STRSIGNAL 1
#define HAVE_STRSTR 1
#define HAVE_STRTOD 1
#define HAVE_STRTOL 1
#define HAVE_STRTOUL 1
#define HAVE_SYSCONF 1
#define HAVE_SYSCTL 1
#define HAVE_SYS_ERRLIST 1
#define HAVE_SYS_FILE_H 1
#define HAVE_SYS_MMAN_H 1
#define HAVE_SYS_NERR 1
#define HAVE_SYS_PARAM_H 1
#define HAVE_SYS_RESOURCE_H 1
#define HAVE_SYS_SIGLIST 1
#define HAVE_SYS_STAT_H 1
#define HAVE_SYS_STAT_H 1
#define HAVE_SYS_SYSCTL_H 1
#define HAVE_SYS_SYSINFO_H 1
#define HAVE_SYS_TIME_H 1
#define HAVE_SYS_TYPES_H 1
#define HAVE_SYS_WAIT_H 1
#define HAVE_TIMES 1
#define HAVE_TIME_H 1
#define HAVE_TMPNAM 1
#define HAVE_UINTPTR_T 1
#define HAVE_UNISTD_H 1
#define HAVE_UNISTD_H 1
#define HAVE_UNISTD_H 1
#define HAVE_VASPRINTF 1
#define HAVE_VFORK 1
#define HAVE_VFPRINTF 1
#define HAVE_VPRINTF 1
#define HAVE_VSNPRINTF 1
#define HAVE_VSPRINTF 1
#define HAVE_WAITPID 1
#define HAVE_WORKING_FORK 1
#define HAVE_WORKING_VFORK 1
#define NEED_DECLARATION_CANONICALIZE_FILE_NAME 1
#define PACKAGE_BUGREPORT ""
#define PACKAGE_NAME ""
#define PACKAGE_STRING ""
#define PACKAGE_TARNAME ""
#define PACKAGE_VERSION ""
#define SIZEOF_INT 4
#define STACK_DIRECTION -1
#define STDC_HEADERS 1
#define TIME_WITH_SYS_TIME 1
#define UNSIGNED_64BIT_TYPE uint64_t

configure: exit 0
