This file contains any messages produced by compilers while
running configure, to aid debugging if configure makes a mistake.

It was created by configure, which was
generated by GNU Autoconf 2.59.  Invocation command line was

  $ /home/sho/src/myproject/gsoc/related_work/OpenUH/osprey/cygnus/opcodes/configure --cache-file=./config.cache --build=i686-open64-linux --host=i686-open64-linux --target=x86_64-open64-linux --with-gnu-ld --prefix=/home/sho/software/OpenUH --program-transform-name=s,^,x86_64-open64-linux-,;  --srcdir=.././opcodes

## --------- ##
## Platform. ##
## --------- ##

hostname = sho-T400s
uname -m = i686
uname -r = 2.6.38-8-generic-pae
uname -s = Linux
uname -v = #42-Ubuntu SMP Mon Apr 11 05:17:09 UTC 2011

/usr/bin/uname -p = unknown
/bin/uname -X     = unknown

/bin/arch              = unknown
/usr/bin/arch -k       = unknown
/usr/convex/getsysinfo = unknown
hostinfo               = unknown
/bin/machine           = unknown
/usr/bin/oslevel       = unknown
/bin/universe          = unknown

PATH: /home/sho/bin
PATH: /home/sho/software/gcc/bin
PATH: /usr/local/teTeX/bin
PATH: /home/sho/bin
PATH: /usr/local/sbin
PATH: /usr/local/bin
PATH: /usr/sbin
PATH: /usr/bin
PATH: /sbin
PATH: /bin
PATH: /usr/games


## ----------- ##
## Core tests. ##
## ----------- ##

configure:1234: loading cache ./config.cache
configure:1355: checking build system type
configure:1373: result: i686-open64-linux-gnu
configure:1381: checking host system type
configure:1395: result: i686-open64-linux-gnu
configure:1403: checking target system type
configure:1417: result: x86_64-open64-linux-gnu
configure:1439: checking for i686-open64-linux-gcc
configure:1465: result: gcc -m32
configure:1747: checking for C compiler version
configure:1750: gcc -m32 --version </dev/null >&5
gcc (GCC) 4.7.0 20110331 (experimental)
Copyright (C) 2011 Free Software Foundation, Inc.
This is free software; see the source for copying conditions.  There is NO
warranty; not even for MERCHANTABILITY or FITNESS FOR A PARTICULAR PURPOSE.

configure:1753: $? = 0
configure:1755: gcc -m32 -v </dev/null >&5
Using built-in specs.
COLLECT_GCC=gcc
COLLECT_LTO_WRAPPER=/home/sho/software/gcc/libexec/gcc/i686-pc-linux-gnu/4.7.0/lto-wrapper
Target: i686-pc-linux-gnu
Configured with: ./configure --prefix=/home/sho/software/gcc
Thread model: posix
gcc version 4.7.0 20110331 (experimental) (GCC) 
configure:1758: $? = 0
configure:1760: gcc -m32 -V </dev/null >&5
gcc: error: unrecognized command line option '-V'
gcc: fatal error: no input files
compilation terminated.
configure:1763: $? = 1
configure:1786: checking for C compiler default output file name
configure:1789: gcc -m32 -g   conftest.c  >&5
configure:1792: $? = 0
configure:1838: result: a.out
configure:1843: checking whether the C compiler works
configure:1849: ./a.out
configure:1852: $? = 0
configure:1869: result: yes
configure:1876: checking whether we are cross compiling
configure:1878: result: no
configure:1881: checking for suffix of executables
configure:1883: gcc -m32 -o conftest -g   conftest.c  >&5
configure:1886: $? = 0
configure:1911: result: 
configure:1917: checking for suffix of object files
configure:1963: result: o
configure:1967: checking whether we are using the GNU C compiler
configure:2023: result: yes
configure:2029: checking whether gcc -m32 accepts -g
configure:2080: result: yes
configure:2097: checking for gcc -m32 option to accept ANSI C
configure:2204: result: none needed
configure:2222: gcc -m32 -c -g  conftest.c >&5
conftest.c:2:3: error: unknown type name 'choke'
conftest.c:2:3: error: expected '=', ',', ';', 'asm' or '__attribute__' at end of input
configure:2228: $? = 1
configure: failed program was:
| #ifndef __cplusplus
|   choke me
| #endif
configure:2362: checking for library containing strerror
configure:2481: result: none required
configure:2508: checking for a BSD-compatible install
configure:2563: result: /usr/bin/install -c
configure:2574: checking whether build environment is sane
configure:2617: result: yes
configure:2641: WARNING: `missing' script is too old or missing
configure:2682: checking for gawk
configure:2708: result: mawk
configure:2718: checking whether make sets $(MAKE)
configure:2738: result: yes
configure:2768: checking for style of include used by make
configure:2796: result: GNU
configure:2972: checking dependency style of gcc -m32
configure:3062: result: none
configure:3084: checking for i686-open64-linux-ar
configure:3110: result: ar
configure:3163: checking for i686-open64-linux-ranlib
configure:3189: result: ranlib
configure:3319: checking for ld used by GCC
configure:3382: result: ld
configure:3391: checking if the linker (ld) is GNU ld
configure:3403: result: yes
configure:3408: checking for ld option to reload object files
configure:3415: result: -r
configure:3420: checking for BSD-compatible nm
configure:3456: result: nm
configure:3459: checking whether ln -s works
configure:3463: result: yes
configure:3470: checking how to recognise dependant libraries
configure:3638: result: pass_all
configure:3790: checking for i686-open64-linux-ranlib
configure:3816: result: ranlib
configure:3870: checking for i686-open64-linux-strip
configure:3899: result: no
configure:3908: checking for strip
configure:3935: result: strip
configure:4192: loading cache ./config.cache
ce PIC
ltconfig:687:checking that gcc PIC flag  -fPIC -DPIC works.
ltconfig:749: checking if gcc static flag -static works
ltconfig:780: finding the maximum length of command line arguments
ltconfig:@lineno@: result: 49153
ltconfig:887: checking if gcc supports -fno-rtti -fno-exceptions
ltconfig:888: gcc -m32 -c -g -fno-rtti -fno-exceptions -c conftest.c  conftest.c 1>&5
ltconfig:1431: checking if global_symbol_pipe works
ltconfig:1432: gcc -m32 -c -g  conftest.c 1>&5
ltconfig:1435: eval "nm conftest.o | sed -n -e 's/^.*[ 	]\([ABCDGISTW][ABCDGISTW]*\)[ 	][ 	]*\(\)\([_A-Za-z][_A-Za-z0-9]*\)$/\1 \2\3 \3/p' > conftest.nm"
ltconfig:1487: gcc -m32 -o conftest -g -fno-builtin   conftest.c conftstm.o 1>&5
configure:4275: checking whether to enable maintainer-specific portions of Makefiles
configure:4284: result: no
configure:4314: checking whether to install libbfd
configure:4327: result: no
configure:4367: checking for i686-open64-linux-gcc
configure:4393: result: gcc -m32
configure:4675: checking for C compiler version
configure:4678: gcc -m32 --version </dev/null >&5
gcc (GCC) 4.7.0 20110331 (experimental)
Copyright (C) 2011 Free Software Foundation, Inc.
This is free software; see the source for copying conditions.  There is NO
warranty; not even for MERCHANTABILITY or FITNESS FOR A PARTICULAR PURPOSE.

configure:4681: $? = 0
configure:4683: gcc -m32 -v </dev/null >&5
Using built-in specs.
COLLECT_GCC=gcc
COLLECT_LTO_WRAPPER=/home/sho/software/gcc/libexec/gcc/i686-pc-linux-gnu/4.7.0/lto-wrapper
Target: i686-pc-linux-gnu
Configured with: ./configure --prefix=/home/sho/software/gcc
Thread model: posix
gcc version 4.7.0 20110331 (experimental) (GCC) 
configure:4686: $? = 0
configure:4688: gcc -m32 -V </dev/null >&5
gcc: error: unrecognized command line option '-V'
gcc: fatal error: no input files
compilation terminated.
configure:4691: $? = 1
configure:4694: checking whether we are using the GNU C compiler
configure:4750: result: yes
configure:4756: checking whether gcc -m32 accepts -g
configure:4807: result: yes
configure:4824: checking for gcc -m32 option to accept ANSI C
configure:4931: result: none needed
configure:4949: gcc -m32 -c -g  conftest.c >&5
conftest.c:2:3: error: unknown type name 'choke'
conftest.c:2:3: error: expected '=', ',', ';', 'asm' or '__attribute__' at end of input
configure:4955: $? = 1
configure: failed program was:
| #ifndef __cplusplus
|   choke me
| #endif
configure:5093: checking for i686-open64-linux-ranlib
configure:5119: result: ranlib
configure:5175: checking how to run the C preprocessor
configure:5293: result: gcc -m32 -E
configure:5317: gcc -m32 -E  conftest.c
configure:5323: $? = 0
configure:5355: gcc -m32 -E  conftest.c
conftest.c:11:28: fatal error: ac_nonexistent.h: No such file or directory
compilation terminated.
configure:5361: $? = 1
configure: failed program was:
| /* confdefs.h.  */
| 
| #define PACKAGE_NAME ""
| #define PACKAGE_TARNAME ""
| #define PACKAGE_VERSION ""
| #define PACKAGE_STRING ""
| #define PACKAGE_BUGREPORT ""
| #define PACKAGE "opcodes"
| #define VERSION "2.16.1"
| /* end confdefs.h.  */
| #include <ac_nonexistent.h>
configure:5405: checking for egrep
configure:5415: result: grep -E
configure:5420: checking for ANSI C header files
configure:5576: result: yes
configure:5586: checking for an ANSI C-conforming const
configure:5683: result: yes
configure:5693: checking for inline
configure:5745: result: inline
configure:5778: checking for sys/types.h
configure:5824: result: yes
configure:5778: checking for sys/stat.h
configure:5824: result: yes
configure:5778: checking for stdlib.h
configure:5824: result: yes
configure:5778: checking for string.h
configure:5824: result: yes
configure:5778: checking for memory.h
configure:5824: result: yes
configure:5778: checking for strings.h
configure:5824: result: yes
configure:5778: checking for inttypes.h
configure:5824: result: yes
configure:5778: checking for stdint.h
configure:5824: result: yes
configure:5778: checking for unistd.h
configure:5824: result: yes
configure:5836: checking for off_t
configure:5890: result: yes
configure:5902: checking for size_t
configure:5956: result: yes
configure:5970: checking for working alloca.h
configure:6022: result: yes
configure:6032: checking for alloca
configure:6104: result: yes
configure:6333: checking for stdlib.h
configure:6338: result: yes
configure:6333: checking for unistd.h
configure:6338: result: yes
configure:6482: checking for getpagesize
configure:6570: result: yes
configure:6580: checking for working mmap
configure:6744: result: yes
configure:6770: checking for argz.h
configure:6775: result: yes
configure:6770: checking for limits.h
configure:6775: result: yes
configure:6770: checking for locale.h
configure:6775: result: yes
configure:6770: checking for nl_types.h
configure:6775: result: yes
configure:6770: checking for malloc.h
configure:6775: result: yes
configure:6770: checking for string.h
configure:6775: result: yes
configure:6770: checking for unistd.h
configure:6775: result: yes
configure:6770: checking for values.h
configure:6775: result: yes
configure:6770: checking for sys/param.h
configure:6775: result: yes
configure:6929: checking for getcwd
configure:7017: result: yes
configure:6929: checking for munmap
configure:7017: result: yes
configure:6929: checking for putenv
configure:7017: result: yes
configure:6929: checking for setenv
configure:7017: result: yes
configure:6929: checking for setlocale
configure:7017: result: yes
configure:6929: checking for strchr
configure:7017: result: yes
configure:6929: checking for strcasecmp
configure:7017: result: yes
configure:6929: checking for __argz_count
configure:7017: result: yes
configure:6929: checking for __argz_stringify
configure:7017: result: yes
configure:6929: checking for __argz_next
configure:7017: result: yes
configure:7141: checking for LC_MESSAGES
configure:7193: result: yes
configure:7203: checking whether NLS is requested
configure:7212: result: yes
configure:7219: checking whether included gettext is requested
configure:7229: result: no
configure:7239: checking for libintl.h
configure:7244: result: yes
configure:7376: checking for gettext in libc
configure:7428: result: yes
configure:7564: checking for msgfmt
configure:7591: result: /usr/bin/msgfmt
configure:7602: checking for dcgettext
configure:7690: result: yes
configure:7702: checking for gmsgfmt
configure:7733: result: /usr/bin/msgfmt
configure:7742: checking for xgettext
configure:7769: result: /usr/bin/xgettext
configure:7793: gcc -m32 -o conftest -g   conftest.c  >&5
configure:7799: $? = 0
configure:7803: test -z 
			 || test ! -s conftest.err
configure:7806: $? = 0
configure:7809: test -s conftest
configure:7812: $? = 0
configure:8021: checking for catalogs to be installed
configure:8030: result:  fr sv tr es da de id pt_BR ro nl
configure:8287: checking for a BSD-compatible install
configure:8342: result: /usr/bin/install -c
configure:8361: checking for string.h
configure:8366: result: yes
configure:8361: checking for strings.h
configure:8366: result: yes
configure:8361: checking for stdlib.h
configure:8366: result: yes
configure:8849: creating ./config.status

## ---------------------- ##
## Running config.status. ##
## ---------------------- ##

This file was extended by config.status, which was
generated by GNU Autoconf 2.59.  Invocation command line was

  CONFIG_FILES    = 
  CONFIG_HEADERS  = 
  CONFIG_LINKS    = 
  CONFIG_COMMANDS = 
  $ ./config.status 

on sho-T400s

config.status:751: creating Makefile
config.status:751: creating po/Makefile.in
config.status:848: creating config.h
config.status:1038: config.h is unchanged
config.status:1218: executing depfiles commands
config.status:1218: executing default commands

## ---------------- ##
## Cache variables. ##
## ---------------- ##

ac_cv_archive_cmds_needs_lc=yes
ac_cv_build=i686-open64-linux-gnu
ac_cv_build_alias=i686-open64-linux
ac_cv_c_compiler_gnu=yes
ac_cv_c_const=yes
ac_cv_c_inline=inline
ac_cv_env_CC_set=set
ac_cv_env_CC_value='gcc -m32'
ac_cv_env_CFLAGS_set=set
ac_cv_env_CFLAGS_value=-g
ac_cv_env_CPPFLAGS_set=
ac_cv_env_CPPFLAGS_value=
ac_cv_env_CPP_set=
ac_cv_env_CPP_value=
ac_cv_env_LDFLAGS_set=set
ac_cv_env_LDFLAGS_value=
ac_cv_env_build_alias_set=set
ac_cv_env_build_alias_value=i686-open64-linux
ac_cv_env_host_alias_set=set
ac_cv_env_host_alias_value=i686-open64-linux
ac_cv_env_target_alias_set=set
ac_cv_env_target_alias_value=x86_64-open64-linux
ac_cv_exeext=
ac_cv_func___argz_count=yes
ac_cv_func___argz_next=yes
ac_cv_func___argz_stringify=yes
ac_cv_func_alloca_works=yes
ac_cv_func_dcgettext=yes
ac_cv_func_getcwd=yes
ac_cv_func_getpagesize=yes
ac_cv_func_mmap_fixed_mapped=yes
ac_cv_func_munmap=yes
ac_cv_func_putenv=yes
ac_cv_func_setenv=yes
ac_cv_func_setlocale=yes
ac_cv_func_stpcpy=yes
ac_cv_func_strcasecmp=yes
ac_cv_func_strchr=yes
ac_cv_header_argz_h=yes
ac_cv_header_inttypes_h=yes
ac_cv_header_libintl_h=yes
ac_cv_header_limits_h=yes
ac_cv_header_locale_h=yes
ac_cv_header_malloc_h=yes
ac_cv_header_memory_h=yes
ac_cv_header_nl_types_h=yes
ac_cv_header_stdc=yes
ac_cv_header_stdint_h=yes
ac_cv_header_stdlib_h=yes
ac_cv_header_string_h=yes
ac_cv_header_strings_h=yes
ac_cv_header_sys_param_h=yes
ac_cv_header_sys_stat_h=yes
ac_cv_header_sys_types_h=yes
ac_cv_header_unistd_h=yes
ac_cv_header_values_h=yes
ac_cv_host=i686-open64-linux-gnu
ac_cv_host_alias=i686-open64-linux
ac_cv_objext=o
ac_cv_path_GMSGFMT=/usr/bin/msgfmt
ac_cv_path_MSGFMT=/usr/bin/msgfmt
ac_cv_path_XGETTEXT=/usr/bin/xgettext
ac_cv_path_install='/usr/bin/install -c'
ac_cv_prog_AR=ar
ac_cv_prog_AWK=mawk
ac_cv_prog_CC='gcc -m32'
ac_cv_prog_CPP='gcc -m32 -E'
ac_cv_prog_RANLIB=ranlib
ac_cv_prog_ac_ct_STRIP=strip
ac_cv_prog_cc_can_build_shared=yes
ac_cv_prog_cc_g=yes
ac_cv_prog_cc_no_builtin=
ac_cv_prog_cc_pic=' -fPIC -DPIC'
ac_cv_prog_cc_pic_works=yes
ac_cv_prog_cc_shlib=
ac_cv_prog_cc_static=-static
ac_cv_prog_cc_static_works=yes
ac_cv_prog_cc_stdc=
ac_cv_prog_cc_wl=-Wl,
ac_cv_prog_egrep='grep -E'
ac_cv_prog_make_make_set=yes
ac_cv_search_strerror='none required'
ac_cv_target=x86_64-open64-linux-gnu
ac_cv_target_alias=x86_64-open64-linux
ac_cv_type_off_t=yes
ac_cv_type_size_t=yes
ac_cv_working_alloca_h=yes
am_cv_CC_dependencies_compiler_type=none
am_cv_val_LC_MESSAGES=yes
gt_cv_func_gettext_libc=yes
lt_cv_compiler_c_o=yes
lt_cv_deplibs_check_method=pass_all
lt_cv_file_magic_cmd='$MAGIC_CMD'
lt_cv_file_magic_test_file='/lib/libc.so* /lib/libc-*.so'
lt_cv_ld_reload_flag=-r
lt_cv_path_LD=ld
lt_cv_path_NM=nm
lt_cv_prog_gnu_ld=yes
lt_cv_sys_max_cmd_len=49153
nls_cv_force_use_gnu_gettext=no
nls_cv_header_intl=
nls_cv_header_libgt=
nls_cv_use_gnu_gettext=no

## ----------------- ##
## Output variables. ##
## ----------------- ##

ACLOCAL='aclocal-1.9'
ALLOCA=''
AMDEPBACKSLASH='\'
AMDEP_FALSE='#'
AMDEP_TRUE=''
AMTAR='tar'
AR='ar'
AUTOCONF='autoconf'
AUTOHEADER='autoheader'
AUTOMAKE='automake-1.9'
AWK='mawk'
BFD_MACHINES=' i386-dis.lo'
CATALOGS=' fr.gmo sv.gmo tr.gmo es.gmo da.gmo de.gmo id.gmo pt_BR.gmo ro.gmo nl.gmo'
CATOBJEXT='.gmo'
CC='gcc -m32'
CCDEPMODE='depmode=none'
CC_FOR_BUILD='gcc -m32'
CFLAGS='-g'
CGEN_MAINT_FALSE=''
CGEN_MAINT_TRUE='#'
CPP='gcc -m32 -E'
CPPFLAGS=''
CYGPATH_W='echo'
DATADIRNAME='share'
DEFS='-DHAVE_CONFIG_H'
DEPDIR='.deps'
ECHO_C=''
ECHO_N='-n'
ECHO_T=''
EGREP='grep -E'
EXEEXT=''
EXEEXT_FOR_BUILD='$(EXEEXT)'
GMOFILES=' fr.gmo sv.gmo tr.gmo es.gmo da.gmo de.gmo id.gmo pt_BR.gmo ro.gmo nl.gmo'
GMSGFMT='/usr/bin/msgfmt'
GT_NO=''
GT_YES='#YES#'
HDEFINES=''
INCLUDE_LOCALE_H='#include <locale.h>'
INSTALL_DATA='${INSTALL} -m 644'
INSTALL_LIBBFD_FALSE=''
INSTALL_LIBBFD_TRUE='#'
INSTALL_PROGRAM='${INSTALL}'
INSTALL_SCRIPT='${INSTALL}'
INSTALL_STRIP_PROGRAM='${SHELL} $(install_sh) -c -s'
INSTOBJEXT='.mo'
INTLDEPS=''
INTLLIBS=''
INTLOBJS=''
LDFLAGS=''
LIBOBJS=''
LIBS=''
LIBTOOL='$(SHELL) $(top_builddir)/libtool'
LN_S='ln -s'
LTLIBOBJS=''
MAINT='#'
MAINTAINER_MODE_FALSE=''
MAINTAINER_MODE_TRUE='#'
MAKEINFO='/home/sho/src/myproject/gsoc/related_work/OpenUH/osprey/cygnus/missing makeinfo'
MKINSTALLDIRS='$(srcdir)/../../mkinstalldirs'
MSGFMT='/usr/bin/msgfmt'
OBJEXT='o'
PACKAGE='opcodes'
PACKAGE_BUGREPORT=''
PACKAGE_NAME=''
PACKAGE_STRING=''
PACKAGE_TARNAME=''
PACKAGE_VERSION=''
PATH_SEPARATOR=':'
POFILES=' fr.po sv.po tr.po es.po da.po de.po id.po pt_BR.po ro.po nl.po'
POSUB='po'
RANLIB='ranlib'
SET_MAKE=''
SHELL='/bin/bash'
STRIP='strip'
USE_INCLUDED_LIBINTL='no'
USE_NLS='yes'
VERSION='2.16.1'
WARN_CFLAGS='-W -Wall -Wstrict-prototypes -Wmissing-prototypes'
WIN32LDFLAGS=''
WIN32LIBADD=''
XGETTEXT='/usr/bin/xgettext'
ac_ct_AR=''
ac_ct_CC=''
ac_ct_RANLIB=''
ac_ct_STRIP='strip'
am__fastdepCC_FALSE=''
am__fastdepCC_TRUE='#'
am__include='include'
am__leading_dot='.'
am__quote=''
am__tar='${AMTAR} chof - "$$tardir"'
am__untar='${AMTAR} xf -'
archdefs=' -DARCH_i386'
bfdincludedir='$(exec_prefix)/$(host_noncanonical)/$(target_noncanonical)/include'
bfdlibdir='$(exec_prefix)/$(host_noncanonical)/$(target_noncanonical)/lib'
bindir='${exec_prefix}/bin'
build='i686-open64-linux-gnu'
build_alias='i686-open64-linux'
build_cpu='i686'
build_os='linux-gnu'
build_vendor='open64'
cgendir='$(srcdir)/../cgen'
datadir='${prefix}/share'
exec_prefix='${prefix}'
host='i686-open64-linux-gnu'
host_alias='i686-open64-linux'
host_cpu='i686'
host_noncanonical='i686-open64-linux'
host_os='linux-gnu'
host_vendor='open64'
includedir='${prefix}/include'
infodir='${prefix}/info'
install_sh='/home/sho/src/myproject/gsoc/related_work/OpenUH/osprey/cygnus/install-sh'
l=''
libdir='${exec_prefix}/lib'
libexecdir='${exec_prefix}/libexec'
localstatedir='${prefix}/var'
mandir='${prefix}/man'
mkdir_p='mkdir -p --'
oldincludedir='/usr/include'
prefix='/home/sho/software/OpenUH'
program_transform_name='s,^,x86_64-open64-linux-,;'
sbindir='${exec_prefix}/sbin'
sharedstatedir='${prefix}/com'
sysconfdir='${prefix}/etc'
target='x86_64-open64-linux-gnu'
target_alias='x86_64-open64-linux'
target_cpu='x86_64'
target_noncanonical='x86_64-open64-linux'
target_os='linux-gnu'
target_vendor='open64'

## ----------- ##
## confdefs.h. ##
## ----------- ##

#define ENABLE_NLS 1
#define HAVE_ALLOCA 1
#define HAVE_ALLOCA_H 1
#define HAVE_ARGZ_H 1
#define HAVE_DCGETTEXT 1
#define HAVE_GETCWD 1
#define HAVE_GETPAGESIZE 1
#define HAVE_GETTEXT 1
#define HAVE_INTTYPES_H 1
#define HAVE_LC_MESSAGES 1
#define HAVE_LIMITS_H 1
#define HAVE_LOCALE_H 1
#define HAVE_MALLOC_H 1
#define HAVE_MEMORY_H 1
#define HAVE_MMAP 1
#define HAVE_MUNMAP 1
#define HAVE_NL_TYPES_H 1
#define HAVE_PUTENV 1
#define HAVE_SETENV 1
#define HAVE_SETLOCALE 1
#define HAVE_STDINT_H 1
#define HAVE_STDLIB_H 1
#define HAVE_STDLIB_H 1
#define HAVE_STDLIB_H 1
#define HAVE_STPCPY 1
#define HAVE_STRCASECMP 1
#define HAVE_STRCHR 1
#define HAVE_STRINGS_H 1
#define HAVE_STRINGS_H 1
#define HAVE_STRING_H 1
#define HAVE_STRING_H 1
#define HAVE_STRING_H 1
#define HAVE_SYS_PARAM_H 1
#define HAVE_SYS_STAT_H 1
#define HAVE_SYS_TYPES_H 1
#define HAVE_UNISTD_H 1
#define HAVE_UNISTD_H 1
#define HAVE_UNISTD_H 1
#define HAVE_VALUES_H 1
#define HAVE___ARGZ_COUNT 1
#define HAVE___ARGZ_NEXT 1
#define HAVE___ARGZ_STRINGIFY 1
#define PACKAGE "opcodes"
#define PACKAGE_BUGREPORT ""
#define PACKAGE_NAME ""
#define PACKAGE_STRING ""
#define PACKAGE_TARNAME ""
#define PACKAGE_VERSION ""
#define STDC_HEADERS 1
#define VERSION "2.16.1"

configure: exit 0
