This file contains any messages produced by compilers while
running configure, to aid debugging if configure makes a mistake.

configure:554: checking for Cygwin environment
configure:587: checking for mingw32 environment
configure:664: checking host system type
configure:685: checking target system type
configure:703: checking build system type
configure:727: checking for strerror in -lcposix
configure:783: checking for a BSD compatible install
configure:836: checking whether build environment is sane
configure:893: checking whether make sets ${MAKE}
configure:939: checking for working aclocal-1.4
configure:952: checking for working autoconf
configure:965: checking for working automake-1.4
configure:978: checking for working autoheader
configure:991: checking for working makeinfo
configure:1077: checking for gcc
configure:1190: checking whether the C compiler (gcc -m32 -g ) works
configure:1206: gcc -m32 -o conftest -g   conftest.c  1>&5
configure:1232: checking whether the C compiler (gcc -m32 -g ) is a cross-compiler
configure:1237: checking whether we are using GNU C
configure:1265: checking whether gcc -m32 accepts -g
configure:1308: checking for ld used by GCC
configure:1376: checking if the linker (ld) is GNU ld
configure:1393: checking for ld option to reload object files
configure:1405: checking for BSD-compatible nm
configure:1443: checking whether ln -s works
configure:1464: checking how to recognise dependant libraries
configure:1637: checking for object suffix
configure:1663: checking for executable suffix
configure:1839: checking for ranlib
configure:1906: checking for strip
ltconfig:678:checking for gcc option to produce PIC
ltconfig:687:checking that gcc PIC flag  -fPIC -DPIC works.
ltconfig:749: checking if gcc static flag -static works
ltconfig:780: finding the maximum length of command line arguments
ltconfig:@lineno@: result: 49153
ltconfig:887: checking if gcc supports -fno-rtti -fno-exceptions
ltconfig:888: gcc -m32 -c -g -fno-rtti -fno-exceptions -c conftest.c  conftest.c 1>&5
ltconfig:1431: checking if global_symbol_pipe works
ltconfig:1432: gcc -m32 -c -g  conftest.c 1>&5
ltconfig:1435: eval "nm conftest.o | sed -n -e 's/^.*[ 	]\([ABCDGISTW][ABCDGISTW]*\)[ 	][ 	]*\(\)\([_A-Za-z][_A-Za-z0-9]*\)$/\1 \2\3 \3/p' > conftest.nm"
ltconfig:1487: gcc -m32 -o conftest -g -fno-builtin   conftest.c conftstm.o 1>&5
configure:2301: checking for gcc
configure:2414: checking whether the C compiler (gcc -m32 -g ) works
configure:2430: gcc -m32 -o conftest -g   conftest.c  1>&5
configure:2456: checking whether the C compiler (gcc -m32 -g ) is a cross-compiler
configure:2461: checking whether we are using GNU C
configure:2489: checking whether gcc -m32 accepts -g
configure:2532: checking for a BSD compatible install
configure:2587: checking how to run the C preprocessor
configure:2669: checking for ranlib
configure:2697: checking for ANSI C header files
configure:2801: checking for working const
configure:2876: checking for inline
configure:2916: checking for off_t
configure:2949: checking for size_t
configure:2984: checking for working alloca.h
configure:3017: checking for alloca
configure:3219: checking for unistd.h
configure:3258: checking for getpagesize
configure:3311: checking for working mmap
configure:3487: checking for argz.h
configure:3487: checking for limits.h
configure:3487: checking for locale.h
configure:3487: checking for nl_types.h
configure:3487: checking for malloc.h
configure:3487: checking for string.h
configure:3487: checking for unistd.h
configure:3487: checking for values.h
configure:3487: checking for sys/param.h
configure:3527: checking for getcwd
configure:3527: checking for munmap
configure:3527: checking for putenv
configure:3527: checking for setenv
configure:3527: checking for setlocale
configure:3527: checking for strchr
configure:3527: checking for strcasecmp
configure:3527: checking for __argz_count
configure:3527: checking for __argz_stringify
configure:3527: checking for __argz_next
configure:3646: checking for LC_MESSAGES
configure:3679: checking whether NLS is requested
configure:3695: checking whether included gettext is requested
configure:3714: checking for libintl.h
configure:3741: checking for gettext in libc
configure:3844: checking for msgfmt
configure:3878: checking for dcgettext
configure:3933: checking for gmsgfmt
configure:3969: checking for xgettext
configure:4009: gcc -m32 -o conftest -g   conftest.c  1>&5
configure:4209: checking for catalogs to be installed
configure:4312: checking for executable suffix
configure:4348: checking for bison
configure:4384: checking for flex
configure:4417: checking for flex
configure:4451: checking for yywrap in -lfl
configure:4493: checking lex output file root
configure:4514: checking whether yytext is a pointer
configure:4556: checking whether to enable maintainer-specific portions of Makefiles
configure:4590: checking for string.h
configure:4590: checking for strings.h
configure:4590: checking for stdlib.h
configure:4590: checking for unistd.h
configure:4629: checking for sbrk
configure:4629: checking for realpath
configure:4629: checking for glob
configure:4686: checking for dirent.h that defines DIR
configure:4724: checking for opendir in -ldir
configure:4817: checking whether strstr must be declared
configure:4864: checking whether free must be declared
configure:4911: checking whether sbrk must be declared
configure:4958: checking whether getenv must be declared
configure:5005: checking whether environ must be declared
configure:5059: checking whether ANSI C string concatenation works
