This file contains any messages produced by compilers while
running configure, to aid debugging if configure makes a mistake.

It was created by opencc configure 4.2, which was
generated by GNU Autoconf 2.59.  Invocation command line was

  $ ./configure --prefix=/home/sho/software/OpenUH GCC_DIR=osprey-gcc

## --------- ##
## Platform. ##
## --------- ##

hostname = sho-T400s
uname -m = i686
uname -r = 2.6.38-8-generic-pae
uname -s = Linux
uname -v = #42-Ubuntu SMP Mon Apr 11 05:17:09 UTC 2011

/usr/bin/uname -p = unknown
/bin/uname -X     = unknown

/bin/arch              = unknown
/usr/bin/arch -k       = unknown
/usr/convex/getsysinfo = unknown
hostinfo               = unknown
/bin/machine           = unknown
/usr/bin/oslevel       = unknown
/bin/universe          = unknown

PATH: /home/sho/bin
PATH: /home/sho/software/gcc/bin
PATH: /usr/local/teTeX/bin
PATH: /home/sho/bin
PATH: /usr/local/sbin
PATH: /usr/local/bin
PATH: /usr/sbin
PATH: /usr/bin
PATH: /sbin
PATH: /bin
PATH: /usr/games


## ----------- ##
## Core tests. ##
## ----------- ##

configure:1281: checking build system type
configure:1299: result: i686-pc-linux-gnu
configure:1307: checking host system type
configure:1321: result: i686-pc-linux-gnu
configure:1329: checking target system type
configure:1343: result: i686-pc-linux-gnu
configure:1895: creating ./config.status

## ---------------------- ##
## Running config.status. ##
## ---------------------- ##

This file was extended by opencc config.status 4.2, which was
generated by GNU Autoconf 2.59.  Invocation command line was

  CONFIG_FILES    = 
  CONFIG_HEADERS  = 
  CONFIG_LINKS    = 
  CONFIG_COMMANDS = 
  $ ./config.status 

on sho-T400s

config.status:723: creating Makefile
config.status:723: creating osprey/Makefile.gsetup
config.status:723: creating osprey/targdir/libspin/Makefile
config.status:723: creating osprey/targdir/libspin_4_2_0/Makefile
config.status:723: creating osprey/targdir/include/Makefile
config.status:723: creating osprey/targdir/driver/Makefile
config.status:723: creating osprey/targdir/libiberty/Makefile
config.status:723: creating osprey/targdir/targ_info/Makefile
config.status:723: creating osprey/targdir/be/Makefile
config.status:723: creating osprey/targdir/libelf/Makefile
config.status:723: creating osprey/targdir/libelfutil/Makefile
config.status:723: creating osprey/targdir/libdwarf/Makefile
config.status:723: creating osprey/targdir/libunwindP/Makefile
config.status:723: creating osprey/targdir/cg/Makefile
config.status:723: creating osprey/targdir/wopt/Makefile
config.status:723: creating osprey/targdir/ipl/Makefile
config.status:723: creating osprey/targdir/lno/Makefile
config.status:723: creating osprey/targdir/lw_inline/Makefile
config.status:723: creating osprey/targdir/ipa/Makefile
config.status:723: creating osprey/targdir/whirl2c/Makefile
config.status:723: creating osprey/targdir/libcomutil/Makefile
config.status:723: creating osprey/targdir/ir_tools/Makefile
config.status:723: creating osprey/targdir/libcmplrs/Makefile
config.status:723: creating osprey/targdir/wgen/Makefile
config.status:723: creating osprey/targdir/libcif/Makefile
config.status:723: creating osprey/targdir/arith/Makefile
config.status:723: creating osprey/targdir/orc_ict/Makefile
config.status:723: creating osprey/targdir/orc_intel/Makefile
config.status:723: creating osprey/targdir/libkapi/Makefile
config.status:723: creating osprey/targdir/whirl2f/Makefile
config.status:723: creating osprey/targdir/crayf90/Makefile
config.status:723: creating osprey/targdir/crayf90/fe90/Makefile
config.status:723: creating osprey/targdir/crayf90/libf90sgi/Makefile
config.status:723: creating osprey/targdir/crayf90/sgi/Makefile
config.status:723: creating osprey/targdir_lib/Makefile
config.status:723: creating osprey/targdir_lib/include/Makefile
config.status:723: creating osprey/targdir_lib/libopenmp/Makefile
config.status:723: creating osprey/targdir_lib/libhugetlbfs/Makefile
config.status:723: creating osprey/targdir_lib/libmv/Makefile
config.status:723: creating osprey/targdir_lib/libfortran/Makefile
config.status:723: creating osprey/targdir_lib/libu/Makefile
config.status:723: creating osprey/targdir_lib/libopen64rt/Makefile
config.status:723: creating osprey/targdir_lib/libinstr2/Makefile
config.status:723: creating osprey/targdir_lib/libacml_mv/Makefile
configure:2813: configuring in osprey/cygnus
configure:2930: running /bin/bash './configure.gnu' --prefix=/home/sho/software/OpenUH  '--prefix=/home/sho/software/OpenUH' 'GCC_DIR=osprey-gcc' --cache-file=/dev/null --srcdir=.
configure:2813: configuring in osprey-gcc-4.2.0
configure:2930: running /bin/bash './configure.gnu' --prefix=/home/sho/software/OpenUH  '--prefix=/home/sho/software/OpenUH' 'GCC_DIR=osprey-gcc' --cache-file=/dev/null --srcdir=.

## ---------------- ##
## Cache variables. ##
## ---------------- ##

ac_cv_build=i686-pc-linux-gnu
ac_cv_build_alias=i686-pc-linux-gnu
ac_cv_env_build_alias_set=
ac_cv_env_build_alias_value=
ac_cv_env_host_alias_set=
ac_cv_env_host_alias_value=
ac_cv_env_target_alias_set=
ac_cv_env_target_alias_value=
ac_cv_host=i686-pc-linux-gnu
ac_cv_host_alias=i686-pc-linux-gnu
ac_cv_target=i686-pc-linux-gnu
ac_cv_target_alias=i686-pc-linux-gnu

## ----------------- ##
## Output variables. ##
## ----------------- ##

BUILD_ABI='I32BIT'
BUILD_ARCH='IA32'
BUILD_BOTH=''
BUILD_COMPILER='GNU'
BUILD_FORTRAN='YES'
BUILD_GNU3=''
BUILD_HOST='IA32'
BUILD_LIB_OPTIMIZE='DEFAULT'
BUILD_MULTILIB='NO'
BUILD_OPTIMIZE='DEFAULT'
BUILD_TARGET='X8664'
BUILD_VENDOR=''
COMPILER_TARG_DIR=''
DEFS='-DPACKAGE_NAME=\"opencc\" -DPACKAGE_TARNAME=\"opencc\" -DPACKAGE_VERSION=\"4.2\" -DPACKAGE_STRING=\"opencc\ 4.2\" -DPACKAGE_BUGREPORT=\"\" '
ECHO_C=''
ECHO_N='-n'
ECHO_T=''
GCC_CONFIGURE_TARG='x86_64-redhat-linux'
GCC_DIR='osprey-gcc-4.2.0'
LIB2_BUILD_ABI='I64BIT'
LIB2_BUILD_ARCH='X8664'
LIB2_BUILD_HOST='IA32'
LIB2_BUILD_TARGET='X8664'
LIB2_MACHINE_TYPE='X86_64'
LIBLIST='libopen64rt libacml_mv include libopenmp libhugetlbfs libmv libfortran libu libinstr2'
LIBOBJS=''
LIBS=''
LIB_BUILD_ABI='I32BIT'
LIB_BUILD_ARCH='IA32'
LIB_BUILD_HOST='IA32'
LIB_BUILD_TARGET='IA32'
LIB_MACHINE_TYPE='IA32'
LTLIBOBJS=''
MACHINE_TYPE='i386'
PACKAGE_BUGREPORT=''
PACKAGE_NAME='opencc'
PACKAGE_STRING='opencc 4.2'
PACKAGE_TARNAME='opencc'
PACKAGE_VERSION='4.2'
PATH_SEPARATOR=':'
SHELL='/bin/bash'
TARG_INFO_NAME='targ_info'
bindir='${exec_prefix}/bin'
build='i686-pc-linux-gnu'
build_alias=''
build_cpu='i686'
build_os='linux-gnu'
build_vendor='pc'
datadir='${prefix}/share'
exec_prefix='${prefix}'
host='i686-pc-linux-gnu'
host_alias=''
host_cpu='i686'
host_os='linux-gnu'
host_vendor='pc'
includedir='${prefix}/include'
infodir='${prefix}/info'
libdir='${exec_prefix}/lib'
libexecdir='${exec_prefix}/libexec'
localstatedir='${prefix}/var'
mandir='${prefix}/man'
oldincludedir='/usr/include'
prefix='/home/sho/software/OpenUH'
program_transform_name='s,x,x,'
sbindir='${exec_prefix}/sbin'
sharedstatedir='${prefix}/com'
subdirs=' osprey/cygnus osprey-gcc-4.2.0'
sysconfdir='${prefix}/etc'
target='i686-pc-linux-gnu'
target_alias=''
target_cpu='i686'
target_os='linux-gnu'
target_vendor='pc'
uh_config_arguments='--with-build-compiler=GNU --with-build-optimize=DEFAULT  : (reconfigured)  : (reconfigured)  : (reconfigured)  : (reconfigured)  : (reconfigured)  : (reconfigured) '

## ----------- ##
## confdefs.h. ##
## ----------- ##

#define PACKAGE_BUGREPORT ""
#define PACKAGE_NAME "opencc"
#define PACKAGE_STRING "opencc 4.2"
#define PACKAGE_TARNAME "opencc"
#define PACKAGE_VERSION "4.2"

configure: exit 0
